<<<<<<< HEAD
﻿빌드 시작: 2015-04-16 오후 4:45:56
     1>2 노드의 "C:\Users\PCube-JS\Desktop\hw2\hw2\hw2\hw2.vcxproj" 프로젝트(Build 대상)입니다.
=======
﻿빌드 시작: 2015-04-14 오후 5:25:05
     1>2 노드의 "C:\Users\Cloto\Desktop\OpenGL\hw2\hw2\hw2.vcxproj" 프로젝트(Build 대상)입니다.
>>>>>>> origin/master
     1>ClCompile:
         C:\Program Files (x86)\Microsoft Visual Studio 11.0\VC\bin\x86_amd64\CL.exe /c /Zi /nologo /W3 /WX- /Od /D WIN32 /D _DEBUG /D _CONSOLE /D _UNICODE /D UNICODE /Gm /EHsc /RTC1 /MDd /GS /fp:precise /Zc:wchar_t /Zc:forScope /Fo"x64\Debug\\" /Fd"x64\Debug\vc110.pdb" /Gd /TP /errorReport:prompt main.cpp
         main.cpp
       Link:
         C:\Program Files (x86)\Microsoft Visual Studio 11.0\VC\bin\x86_amd64\link.exe /ERRORREPORT:PROMPT /OUT:"C:\Users\PCube-JS\Desktop\hw2\hw2\x64\Debug\hw2.exe" /INCREMENTAL /NOLOGO kernel32.lib user32.lib gdi32.lib winspool.lib comdlg32.lib advapi32.lib shell32.lib ole32.lib oleaut32.lib uuid.lib odbc32.lib odbccp32.lib /MANIFEST /MANIFESTUAC:"level='asInvoker' uiAccess='false'" /manifest:embed /DEBUG /PDB:"C:\Users\PCube-JS\Desktop\hw2\hw2\x64\Debug\hw2.pdb" /SUBSYSTEM:CONSOLE /TLBID:1 /DYNAMICBASE /NXCOMPAT /IMPLIB:"C:\Users\PCube-JS\Desktop\hw2\hw2\x64\Debug\hw2.lib" /MACHINE:X64 x64\Debug\main.obj
         LINK : C:\Users\PCube-JS\Desktop\hw2\hw2\x64\Debug\hw2.exe을(를) 찾을 수 없거나 마지막 증분 링크에 의해 빌드되지 않았습니다. 전체 링크를 수행하고 있습니다.
         hw2.vcxproj -> C:\Users\PCube-JS\Desktop\hw2\hw2\x64\Debug\hw2.exe
     1>"C:\Users\PCube-JS\Desktop\hw2\hw2\hw2\hw2.vcxproj" 프로젝트를 빌드했습니다(Build 대상).

빌드했습니다.

<<<<<<< HEAD
경과 시간: 00:00:01.65
=======
경과 시간: 00:00:00.74
>>>>>>> origin/master
